<?xml version="1.0" encoding="UTF-8"?>
<!-- Generated by org.testng.reporters.JUnitXMLReporter -->
<testsuite hostname="Raghu" name="Command line test" tests="8" failures="1" timestamp="9 Feb 2021 04:34:48 GMT" time="216.32" errors="0">
  <testcase name="verifySelectionOfFlowersRecommendations" time="1.135" classname="com.wYne.automation.tests.FlowerSelectionTest"/>
  <testcase name="verifySelectionOfFruitRecommendations" time="3.407" classname="com.wYne.automation.tests.FruitSelectionTest"/>
  <testcase name="verifySelectionOfHerbsRecommendations" time="2.935" classname="com.wYne.automation.tests.HerbsAndSpicesSelectionTest"/>
  <testcase name="verifyRecommendations" time="10.963" classname="com.wYne.automation.tests.LoginFunctionalityTest">
    <failure type="java.lang.AssertionError" message="expected [true] but found [false]">
      <![CDATA[java.lang.AssertionError: expected [true] but found [false]
	at com.wYne.automation.tests.LoginFunctionalityTest.verifyRecommendations(LoginFunctionalityTest.java:19)
... Removed 38 stack frames]]>
    </failure>
  </testcase> <!-- verifyRecommendations -->
  <testcase name="verifySelectionOfNewFlowersRecommendations" time="1.18" classname="com.wYne.automation.tests.NewFlowerSelectionTest"/>
  <testcase name="verifySelectionOfNewFlowersRecommendations" time="2.05" classname="com.wYne.automation.tests.RecommendationsPageTest"/>
  <testcase name="verifySelectionOfNewFlowersRecommendations" time="2.671" classname="com.wYne.automation.tests.ScentSelectionTest"/>
  <testcase name="verifySelectionOfNewFlowersRecommendations" time="2.649" classname="com.wYne.automation.tests.SelectWyneTest"/>
</testsuite> <!-- Command line test -->
